#
# There is insufficient memory for the Java Runtime Environment to continue.
# Native memory allocation (mmap) failed to map 301989888 bytes for G1 virtual space
# Possible reasons:
#   The system is out of physical RAM or swap space
#   The process is running with CompressedOops enabled, and the Java Heap may be blocking the growth of the native heap
# Possible solutions:
#   Reduce memory load on the system
#   Increase physical memory or swap space
#   Check if swap backing store is full
#   Decrease Java heap size (-Xmx/-Xms)
#   Decrease number of Java threads
#   Decrease Java thread stack sizes (-Xss)
#   Set larger code cache with -XX:ReservedCodeCacheSize=
#   JVM is running with Zero Based Compressed Oops mode in which the Java heap is
#     placed in the first 32GB address space. The Java Heap base address is the
#     maximum limit for the native heap growth. Please use -XX:HeapBaseMinAddress
#     to set the Java Heap base and to place the Java Heap above 32GB virtual address.
# This output file may be truncated or incomplete.
#
#  Out of Memory Error (os_windows.cpp:3613), pid=19588, tid=5584
#
# JRE version:  (17.0.10+7) (build )
# Java VM: OpenJDK 64-Bit Server VM (17.0.10+7, mixed mode, sharing, tiered, compressed oops, compressed class ptrs, g1 gc, windows-amd64)
# No core dump will be written. Minidumps are not enabled by default on client versions of Windows
#

---------------  S U M M A R Y ------------

Command Line: -Dfile.encoding=UTF-8 -Dstdout.encoding=UTF-8 -Dstderr.encoding=UTF-8 -XX:+ShowCodeDetailsInExceptionMessages com.biblioteca.livros.Program

Host: AMD Ryzen 5 5500U with Radeon Graphics         , 12 cores, 17G,  Windows 10 , 64 bit Build 19041 (10.0.19041.5198)
Time: Tue Mar  4 16:19:35 2025 Hora oficial do Brasil elapsed time: 0.020965 seconds (0d 0h 0m 0s)

---------------  T H R E A D  ---------------

Current thread (0x00000270612da940):  JavaThread "Unknown thread" [_thread_in_vm, id=5584, stack(0x000000d165e00000,0x000000d165f00000)]

Stack: [0x000000d165e00000,0x000000d165f00000]
Native frames: (J=compiled Java code, j=interpreted, Vv=VM code, C=native code)
V  [jvm.dll+0x67d2c9]
V  [jvm.dll+0x834afa]
V  [jvm.dll+0x8365be]
V  [jvm.dll+0x836c23]
V  [jvm.dll+0x2477ff]
V  [jvm.dll+0x67a109]
V  [jvm.dll+0x66eb7a]
V  [jvm.dll+0x30764b]
V  [jvm.dll+0x30eaf6]
V  [jvm.dll+0x35e83e]
V  [jvm.dll+0x35ea6f]
V  [jvm.dll+0x2de248]
V  [jvm.dll+0x2df1b4]
V  [jvm.dll+0x806361]
V  [jvm.dll+0x36c6f1]
V  [jvm.dll+0x7e4e06]
V  [jvm.dll+0x3eff3f]
V  [jvm.dll+0x3f1b71]
C  [jli.dll+0x528f]
C  [ucrtbase.dll+0x21bb2]
C  [KERNEL32.DLL+0x17374]
C  [ntdll.dll+0x4cc91]


---------------  P R O C E S S  ---------------

Threads class SMR info:
_java_thread_list=0x00007ffb64c5ee98, length=0, elements={
}

Java Threads: ( => current thread )

Other Threads:
  0x000002706134d1f0 GCTaskThread "GC Thread#0" [stack: 0x000000d165f00000,0x000000d166000000] [id=21844]
  0x0000027061357010 ConcurrentGCThread "G1 Main Marker" [stack: 0x000000d166000000,0x000000d166100000] [id=22436]
  0x00000270613581d0 ConcurrentGCThread "G1 Conc#0" [stack: 0x000000d166100000,0x000000d166200000] [id=18648]

[error occurred during error reporting (printing all threads), id 0xc0000005, EXCEPTION_ACCESS_VIOLATION (0xc0000005) at pc=0x00007ffb6441ec87]

VM state: not at safepoint (not fully initialized)

VM Mutex/Monitor currently owned by a thread:  ([mutex/lock_event])
[0x00000270612d6da0] Heap_lock - owner thread: 0x00000270612da940

Heap address: 0x00000006e2400000, size: 4572 MB, Compressed Oops mode: Zero based, Oop shift amount: 3

CDS archive(s) mapped at: [0x0000000000000000-0x0000000000000000-0x0000000000000000), size 0, SharedBaseAddress: 0x0000000800000000, ArchiveRelocationMode: 1.
Narrow klass base: 0x0000000000000000, Narrow klass shift: 0, Narrow klass range: 0x0

GC Precious Log:
<Empty>

Heap:
 garbage-first heap   total 0K, used 0K [0x00000006e2400000, 0x0000000800000000)
  region size 4096K, 0 young (0K), 0 survivors (0K)

[error occurred during error reporting (printing heap information), id 0xc0000005, EXCEPTION_ACCESS_VIOLATION (0xc0000005) at pc=0x00007ffb64806fb9]

GC Heap History (0 events):
No events

Dll operation events (1 events):
Event: 0.011 Loaded shared library C:\Users\vtr\.p2\pool\plugins\org.eclipse.justj.openjdk.hotspot.jre.full.win32.x86_64_17.0.10.v20240120-1143\jre\bin\java.dll

Deoptimization events (0 events):
No events

Classes unloaded (0 events):
No events

Classes redefined (0 events):
No events

Internal exceptions (0 events):
No events

VM Operations (0 events):
No events

Events (0 events):
No events


Dynamic libraries:
0x00007ff6057e0000 - 0x00007ff6057ee000 	C:\Users\vtr\.p2\pool\plugins\org.eclipse.justj.openjdk.hotspot.jre.full.win32.x86_64_17.0.10.v20240120-1143\jre\bin\javaw.exe
0x00007ffbb7150000 - 0x00007ffbb7348000 	C:\Windows\SYSTEM32\ntdll.dll
0x00007ffbb5900000 - 0x00007ffbb59c2000 	C:\Windows\System32\KERNEL32.DLL
0x00007ffbb49c0000 - 0x00007ffbb4cbf000 	C:\Windows\System32\KERNELBASE.dll
0x00007ffbb48c0000 - 0x00007ffbb49c0000 	C:\Windows\System32\ucrtbase.dll
0x00007ffb9a6b0000 - 0x00007ffb9a6c7000 	C:\Users\vtr\.p2\pool\plugins\org.eclipse.justj.openjdk.hotspot.jre.full.win32.x86_64_17.0.10.v20240120-1143\jre\bin\jli.dll
0x00007ffbb5b00000 - 0x00007ffbb5c9d000 	C:\Windows\System32\USER32.dll
0x00007ffbb4db0000 - 0x00007ffbb4dd2000 	C:\Windows\System32\win32u.dll
0x00007ffbb60c0000 - 0x00007ffbb60eb000 	C:\Windows\System32\GDI32.dll
0x00007ffbb4fb0000 - 0x00007ffbb50c7000 	C:\Windows\System32\gdi32full.dll
0x00007ffbb4cc0000 - 0x00007ffbb4d5d000 	C:\Windows\System32\msvcp_win.dll
0x00007ffb99cf0000 - 0x00007ffb99d0b000 	C:\Users\vtr\.p2\pool\plugins\org.eclipse.justj.openjdk.hotspot.jre.full.win32.x86_64_17.0.10.v20240120-1143\jre\bin\VCRUNTIME140.dll
0x00007ffba32b0000 - 0x00007ffba354a000 	C:\Windows\WinSxS\amd64_microsoft.windows.common-controls_6595b64144ccf1df_6.0.19041.4355_none_60b8b9eb71f62e16\COMCTL32.dll
0x00007ffbb7070000 - 0x00007ffbb710e000 	C:\Windows\System32\msvcrt.dll
0x00007ffbb7040000 - 0x00007ffbb706f000 	C:\Windows\System32\IMM32.DLL
0x00007ffbafa50000 - 0x00007ffbafa5c000 	C:\Users\vtr\.p2\pool\plugins\org.eclipse.justj.openjdk.hotspot.jre.full.win32.x86_64_17.0.10.v20240120-1143\jre\bin\vcruntime140_1.dll
0x00007ffb98c80000 - 0x00007ffb98d0d000 	C:\Users\vtr\.p2\pool\plugins\org.eclipse.justj.openjdk.hotspot.jre.full.win32.x86_64_17.0.10.v20240120-1143\jre\bin\msvcp140.dll
0x00007ffb64130000 - 0x00007ffb64d92000 	C:\Users\vtr\.p2\pool\plugins\org.eclipse.justj.openjdk.hotspot.jre.full.win32.x86_64_17.0.10.v20240120-1143\jre\bin\server\jvm.dll
0x00007ffbb5440000 - 0x00007ffbb54f1000 	C:\Windows\System32\ADVAPI32.dll
0x00007ffbb5500000 - 0x00007ffbb559f000 	C:\Windows\System32\sechost.dll
0x00007ffbb59d0000 - 0x00007ffbb5af3000 	C:\Windows\System32\RPCRT4.dll
0x00007ffbb4890000 - 0x00007ffbb48b7000 	C:\Windows\System32\bcrypt.dll
0x00007ffbb4640000 - 0x00007ffbb468b000 	C:\Windows\SYSTEM32\POWRPROF.dll
0x00007ffbaa730000 - 0x00007ffbaa757000 	C:\Windows\SYSTEM32\WINMM.dll
0x00007ffbad4b0000 - 0x00007ffbad4ba000 	C:\Windows\SYSTEM32\VERSION.dll
0x00007ffbb16c0000 - 0x00007ffbb16c9000 	C:\Windows\SYSTEM32\WSOCK32.dll
0x00007ffbb5d00000 - 0x00007ffbb5d6b000 	C:\Windows\System32\WS2_32.dll
0x00007ffbb4620000 - 0x00007ffbb4632000 	C:\Windows\SYSTEM32\UMPDC.dll
0x00007ffbb2660000 - 0x00007ffbb2672000 	C:\Windows\SYSTEM32\kernel.appcore.dll
0x00007ffbb01a0000 - 0x00007ffbb01aa000 	C:\Users\vtr\.p2\pool\plugins\org.eclipse.justj.openjdk.hotspot.jre.full.win32.x86_64_17.0.10.v20240120-1143\jre\bin\jimage.dll
0x00007ffbb1900000 - 0x00007ffbb1ae4000 	C:\Windows\SYSTEM32\DBGHELP.DLL
0x00007ffbb18c0000 - 0x00007ffbb18f4000 	C:\Windows\SYSTEM32\dbgcore.DLL
0x00007ffbb50d0000 - 0x00007ffbb5152000 	C:\Windows\System32\bcryptPrimitives.dll
0x00007ffba3180000 - 0x00007ffba31a5000 	C:\Users\vtr\.p2\pool\plugins\org.eclipse.justj.openjdk.hotspot.jre.full.win32.x86_64_17.0.10.v20240120-1143\jre\bin\java.dll

dbghelp: loaded successfully - version: 4.0.5 - missing functions: none
symbol engine: initialized successfully - sym options: 0x614 - pdb path: .;C:\Users\vtr\.p2\pool\plugins\org.eclipse.justj.openjdk.hotspot.jre.full.win32.x86_64_17.0.10.v20240120-1143\jre\bin;C:\Windows\SYSTEM32;C:\Windows\WinSxS\amd64_microsoft.windows.common-controls_6595b64144ccf1df_6.0.19041.4355_none_60b8b9eb71f62e16;C:\Users\vtr\.p2\pool\plugins\org.eclipse.justj.openjdk.hotspot.jre.full.win32.x86_64_17.0.10.v20240120-1143\jre\bin\server

VM Arguments:
jvm_args: -Dfile.encoding=UTF-8 -Dstdout.encoding=UTF-8 -Dstderr.encoding=UTF-8 -XX:+ShowCodeDetailsInExceptionMessages 
java_command: com.biblioteca.livros.Program
java_class_path (initial): C:\Users\vtr\eclipse-workspace\ProjetoBiblioteca\bin
Launcher Type: SUN_STANDARD

[Global flags]
     intx CICompilerCount                          = 4                                         {product} {ergonomic}
     uint ConcGCThreads                            = 3                                         {product} {ergonomic}
     uint G1ConcRefinementThreads                  = 10                                        {product} {ergonomic}
   size_t G1HeapRegionSize                         = 4194304                                   {product} {ergonomic}
    uintx GCDrainStackTargetSize                   = 64                                        {product} {ergonomic}
   size_t InitialHeapSize                          = 301989888                                 {product} {ergonomic}
   size_t MarkStackSize                            = 4194304                                   {product} {ergonomic}
   size_t MaxHeapSize                              = 4794089472                                {product} {ergonomic}
   size_t MinHeapDeltaBytes                        = 4194304                                   {product} {ergonomic}
   size_t MinHeapSize                              = 8388608                                   {product} {ergonomic}
    uintx NonNMethodCodeHeapSize                   = 5839372                                {pd product} {ergonomic}
    uintx NonProfiledCodeHeapSize                  = 122909434                              {pd product} {ergonomic}
    uintx ProfiledCodeHeapSize                     = 122909434                              {pd product} {ergonomic}
    uintx ReservedCodeCacheSize                    = 251658240                              {pd product} {ergonomic}
     bool SegmentedCodeCache                       = true                                      {product} {ergonomic}
     bool ShowCodeDetailsInExceptionMessages       = true                                   {manageable} {command line}
   size_t SoftMaxHeapSize                          = 4794089472                             {manageable} {ergonomic}
     bool UseCompressedClassPointers               = true                           {product lp64_product} {ergonomic}
     bool UseCompressedOops                        = true                           {product lp64_product} {ergonomic}
     bool UseG1GC                                  = true                                      {product} {ergonomic}
     bool UseLargePagesIndividualAllocation        = false                                  {pd product} {ergonomic}

Logging:
Log output configuration:
 #0: stdout all=warning uptime,level,tags
 #1: stderr all=off uptime,level,tags

Environment Variables:
JAVA_HOME=C:\Program Files\Java\zulu21.34.19-ca-jdk21.0.3-win_x64
PATH=C:/Users/vtr/.p2/pool/plugins/org.eclipse.justj.openjdk.hotspot.jre.full.win32.x86_64_17.0.10.v20240120-1143/jre/bin/server;C:/Users/vtr/.p2/pool/plugins/org.eclipse.justj.openjdk.hotspot.jre.full.win32.x86_64_17.0.10.v20240120-1143/jre/bin;C:\Program Files (x86)\Common Files\Oracle\Java\javapath;C:\Program Files\Java\zulu21.34.19-ca-jdk21.0.3-win_x64\bin;C:\Windows\system32;C:\Windows;C:\Windows\System32\Wbem;C:\Windows\System32\WindowsPowerShell\v1.0\;C:\Windows\System32\OpenSSH\;C:\Program Files\nodejs\;C:\ProgramData\UNIVALI\Portugol Studio;C:\Program Files\Git\cmd;C:\Users\vtr\AppData\Local\Microsoft\WindowsApps;C:\Users\vtr\AppData\Local\Programs\Microsoft VS Code\bin;C:\Users\vtr\AppData\Roaming\npm;C:\eclipse\java-2024-03\eclipse;
USERNAME=vtr
OS=Windows_NT
PROCESSOR_IDENTIFIER=AMD64 Family 23 Model 104 Stepping 1, AuthenticAMD
TMP=C:\Users\vtr\AppData\Local\Temp
TEMP=C:\Users\vtr\AppData\Local\Temp



Periodic native trim disabled


---------------  S Y S T E M  ---------------

OS:
 Windows 10 , 64 bit Build 19041 (10.0.19041.5198)
OS uptime: 4 days 18:14 hours

CPU: total 12 (initial active 12) (12 cores per cpu, 2 threads per core) family 23 model 104 stepping 1 microcode 0x0, cx8, cmov, fxsr, ht, mmx, 3dnowpref, sse, sse2, sse3, ssse3, sse4a, sse4.1, sse4.2, popcnt, lzcnt, tsc, tscinvbit, avx, avx2, aes, clmul, bmi1, bmi2, adx, sha, fma, vzeroupper, clflush, clflushopt
Processor Information for all 12 processors :
  Max Mhz: 2100, Current Mhz: 1877, Mhz Limit: 2100

Memory: 4k page, system-wide physical 18277M (9052M free)
TotalPageFile size 26469M (AvailPageFile size 277M)
current process WorkingSet (physical memory assigned to process): 10M, peak: 10M
current process commit charge ("private bytes"): 64M, peak: 352M

vm_info: OpenJDK 64-Bit Server VM (17.0.10+7) for windows-amd64 JRE (17.0.10+7), built on Jan 16 2024 23:25:11 by "admin" with MS VC++ 16.10 / 16.11 (VS2019)

END.
